2016-02-12 01:21:41,626 - [INFO] - from play in pool-85-thread-8 
Listening for HTTP on /0:0:0:0:0:0:0:0:9000

2016-02-12 01:21:43,958 - [INFO] database [default] connected at jdbc:mysql://localhost/yankalee
2016-02-12 01:21:44,029 - [INFO] Application started (Dev)
2016-02-12 01:21:47,302 - [INFO] <GETTER> Y.Nathan ask if is debter
2016-02-12 01:21:47,304 - [INFO] <BUSINESS_LOGIC> Get user if is a debter
2016-02-12 01:21:47,315 - [INFO] <DATA_BASE> Get Temp Gelts
2016-02-12 01:21:47,317 - [INFO] <GETTER> <DATA>
2016-02-12 01:21:53,107 - [INFO] <BUSINESS_LOGIC> Get Id by name
2016-02-12 01:21:53,107 - [INFO] <BUSINESS_LOGIC> Get users
2016-02-12 01:21:53,113 - [INFO] <DATA_BASE> Get Users
2016-02-12 01:21:53,125 - [INFO] <DATA_BASE> Get User-Names
2016-02-12 01:21:53,131 - [INFO] <DATA_BASE> Get Gelts
2016-02-12 01:21:53,132 - [INFO] <BUSINESS_LOGIC> Get Name by Id
2016-02-12 01:21:53,139 - [INFO] <DATA_BASE> Get Users
2016-02-12 01:21:53,140 - [INFO] <BUSINESS_LOGIC> Get Name by Id
2016-02-12 01:21:53,149 - [INFO] <DATA_BASE> Get Users
2016-02-12 01:21:53,150 - [INFO] <BUSINESS_LOGIC> Get debt moyshe : 1583 : Y.Nathan
2016-02-12 01:21:53,150 - [INFO] <BUSINESS_LOGIC> Get Name by Id
2016-02-12 01:21:53,157 - [INFO] <DATA_BASE> Get Users
2016-02-12 01:21:53,158 - [INFO] <BUSINESS_LOGIC> Get Name by Id
2016-02-12 01:21:53,166 - [INFO] <DATA_BASE> Get Users
2016-02-12 01:21:53,167 - [INFO] { "debts":[ {"Debter":"moyshe","Amount":"1583","Entitled":"Y.Nathan"} ]}
2016-02-12 01:22:13,097 - [INFO] <GETTER> Y.Nathan ask if is debter
2016-02-12 01:22:13,097 - [INFO] <BUSINESS_LOGIC> Get user if is a debter
2016-02-12 01:22:13,101 - [INFO] <DATA_BASE> Get Temp Gelts
2016-02-12 01:22:13,102 - [INFO] <GETTER> <DATA>
2016-02-12 01:22:33,104 - [INFO] <GETTER> Y.Nathan ask if is debter
2016-02-12 01:22:33,106 - [INFO] <BUSINESS_LOGIC> Get user if is a debter
2016-02-12 01:22:33,125 - [INFO] <DATA_BASE> Get Temp Gelts
2016-02-12 01:22:33,126 - [INFO] <GETTER> <DATA>
2016-02-12 01:22:53,103 - [INFO] <GETTER> Y.Nathan ask if is debter
2016-02-12 01:22:53,104 - [INFO] <BUSINESS_LOGIC> Get user if is a debter
2016-02-12 01:22:53,119 - [INFO] <DATA_BASE> Get Temp Gelts
2016-02-12 01:22:53,120 - [INFO] <GETTER> <DATA>
2016-02-12 01:23:13,103 - [INFO] <GETTER> Y.Nathan ask if is debter
2016-02-12 01:23:13,104 - [INFO] <BUSINESS_LOGIC> Get user if is a debter
2016-02-12 01:23:13,120 - [INFO] <DATA_BASE> Get Temp Gelts
2016-02-12 01:23:13,120 - [INFO] <GETTER> <DATA>
2016-02-12 01:23:33,104 - [INFO] <GETTER> Y.Nathan ask if is debter
2016-02-12 01:23:33,104 - [INFO] <BUSINESS_LOGIC> Get user if is a debter
2016-02-12 01:23:33,120 - [INFO] <DATA_BASE> Get Temp Gelts
2016-02-12 01:23:33,122 - [INFO] <GETTER> <DATA>
2016-02-12 01:23:53,285 - [INFO] <GETTER> Y.Nathan ask if is debter
2016-02-12 01:23:53,286 - [INFO] <BUSINESS_LOGIC> Get user if is a debter
2016-02-12 01:23:53,303 - [INFO] <DATA_BASE> Get Temp Gelts
2016-02-12 01:23:53,304 - [INFO] <GETTER> <DATA>
2016-02-12 01:24:13,283 - [INFO] <GETTER> Y.Nathan ask if is debter
2016-02-12 01:24:13,294 - [INFO] <BUSINESS_LOGIC> Get user if is a debter
2016-02-12 01:24:13,311 - [INFO] <DATA_BASE> Get Temp Gelts
2016-02-12 01:24:13,312 - [INFO] <GETTER> <DATA>
2016-02-12 01:24:33,280 - [INFO] <GETTER> Y.Nathan ask if is debter
2016-02-12 01:24:33,280 - [INFO] <BUSINESS_LOGIC> Get user if is a debter
2016-02-12 01:24:33,290 - [INFO] <DATA_BASE> Get Temp Gelts
2016-02-12 01:24:33,290 - [INFO] <GETTER> <DATA>
2016-02-12 01:24:53,284 - [INFO] <GETTER> Y.Nathan ask if is debter
2016-02-12 01:24:53,285 - [INFO] <BUSINESS_LOGIC> Get user if is a debter
2016-02-12 01:24:53,301 - [INFO] <DATA_BASE> Get Temp Gelts
2016-02-12 01:24:53,301 - [INFO] <GETTER> <DATA>
2016-02-12 01:25:13,099 - [INFO] <GETTER> Y.Nathan ask if is debter
2016-02-12 01:25:13,100 - [INFO] <BUSINESS_LOGIC> Get user if is a debter
2016-02-12 01:25:13,107 - [INFO] <DATA_BASE> Get Temp Gelts
2016-02-12 01:25:13,107 - [INFO] <GETTER> <DATA>
2016-02-12 01:25:37,829 - [INFO] database [default] connected at jdbc:mysql://localhost/yankalee
2016-02-12 01:25:37,833 - [INFO] Application started (Dev)
2016-02-12 01:25:37,839 - [INFO] <GETTER> Y.Nathan ask if is debter
2016-02-12 01:25:37,840 - [INFO] <BUSINESS_LOGIC> Get user if is a debter
2016-02-12 01:25:37,844 - [INFO] <DATA_BASE> Get Temp Gelts
2016-02-12 01:25:37,844 - [INFO] <GETTER> <DATA>
2016-02-12 01:25:53,232 - [INFO] <GETTER> Y.Nathan ask if is debter
2016-02-12 01:25:53,232 - [INFO] <BUSINESS_LOGIC> Get user if is a debter
2016-02-12 01:25:53,236 - [INFO] <DATA_BASE> Get Temp Gelts
2016-02-12 01:25:53,237 - [INFO] <GETTER> <DATA>
2016-02-12 01:26:11,882 - [INFO] <BUSINESS_LOGIC> Get Id by name
2016-02-12 01:26:11,882 - [INFO] <BUSINESS_LOGIC> Get users
2016-02-12 01:26:11,887 - [INFO] <DATA_BASE> Get Users
2016-02-12 01:26:11,893 - [INFO] <DATA_BASE> Get User-Names
2016-02-12 01:26:11,903 - [INFO] <DATA_BASE> Get Gelts
2016-02-12 01:26:11,904 - [INFO] <BUSINESS_LOGIC> Get Name by Id
2016-02-12 01:26:11,910 - [INFO] <DATA_BASE> Get Users
2016-02-12 01:26:11,910 - [INFO] <BUSINESS_LOGIC> Get Name by Id
2016-02-12 01:26:11,916 - [INFO] <DATA_BASE> Get Users
2016-02-12 01:26:11,917 - [INFO] <BUSINESS_LOGIC> Get debt moyshe : 1583 : Y.Nathan
2016-02-12 01:26:11,917 - [INFO] <BUSINESS_LOGIC> Get Name by Id
2016-02-12 01:26:11,923 - [INFO] <DATA_BASE> Get Users
2016-02-12 01:26:11,924 - [INFO] <BUSINESS_LOGIC> Get Name by Id
2016-02-12 01:26:11,930 - [INFO] <DATA_BASE> Get Users
2016-02-12 01:26:11,930 - [INFO] { "debts":[ {"Debter":"moyshe","Amount":"1583","Entitled":"Y.Nathan"} ]}
2016-02-12 01:26:32,280 - [INFO] <GETTER> Y.Nathan ask if is debter
2016-02-12 01:26:32,281 - [INFO] <BUSINESS_LOGIC> Get user if is a debter
2016-02-12 01:26:32,291 - [INFO] <DATA_BASE> Get Temp Gelts
2016-02-12 01:26:32,291 - [INFO] <GETTER> <DATA>
2016-02-12 01:26:52,282 - [INFO] <GETTER> Y.Nathan ask if is debter
2016-02-12 01:26:52,282 - [INFO] <BUSINESS_LOGIC> Get user if is a debter
2016-02-12 01:26:52,289 - [INFO] <DATA_BASE> Get Temp Gelts
2016-02-12 01:26:52,289 - [INFO] <GETTER> <DATA>
2016-02-12 01:27:12,282 - [INFO] <GETTER> Y.Nathan ask if is debter
2016-02-12 01:27:12,283 - [INFO] <BUSINESS_LOGIC> Get user if is a debter
2016-02-12 01:27:12,294 - [INFO] <DATA_BASE> Get Temp Gelts
2016-02-12 01:27:12,295 - [INFO] <GETTER> <DATA>
2016-02-12 01:27:32,279 - [INFO] <GETTER> Y.Nathan ask if is debter
2016-02-12 01:27:32,280 - [INFO] <BUSINESS_LOGIC> Get user if is a debter
2016-02-12 01:27:32,290 - [INFO] <DATA_BASE> Get Temp Gelts
2016-02-12 01:27:32,291 - [INFO] <GETTER> <DATA>
2016-02-12 01:27:52,282 - [INFO] <GETTER> Y.Nathan ask if is debter
2016-02-12 01:27:52,282 - [INFO] <BUSINESS_LOGIC> Get user if is a debter
2016-02-12 01:27:52,289 - [INFO] <DATA_BASE> Get Temp Gelts
2016-02-12 01:27:52,289 - [INFO] <GETTER> <DATA>
2016-02-12 01:28:07,945 - [INFO] <BUSINESS_LOGIC> Get users
2016-02-12 01:28:07,945 - [INFO] <BUSINESS_LOGIC> Get Id by name
2016-02-12 01:28:07,950 - [INFO] <DATA_BASE> Get User-Names
2016-02-12 01:28:07,955 - [INFO] <DATA_BASE> Get Users
2016-02-12 01:28:07,961 - [INFO] <DATA_BASE> Get Gelts
2016-02-12 01:28:07,962 - [INFO] <BUSINESS_LOGIC> Get Name by Id
2016-02-12 01:28:07,967 - [INFO] <DATA_BASE> Get Users
2016-02-12 01:28:07,968 - [INFO] <BUSINESS_LOGIC> Get Name by Id
2016-02-12 01:28:07,975 - [INFO] <DATA_BASE> Get Users
2016-02-12 01:28:07,976 - [INFO] <BUSINESS_LOGIC> Get debt moyshe : 1583 : Y.Nathan
2016-02-12 01:28:07,976 - [INFO] <BUSINESS_LOGIC> Get Name by Id
2016-02-12 01:28:07,982 - [INFO] <DATA_BASE> Get Users
2016-02-12 01:28:07,983 - [INFO] <BUSINESS_LOGIC> Get Name by Id
2016-02-12 01:28:07,989 - [INFO] <DATA_BASE> Get Users
2016-02-12 01:28:07,989 - [INFO] { "debts":[ {"Debter":"moyshe","Amount":"1583","Entitled":"Y.Nathan"} ]}
2016-02-12 01:28:19,164 - [INFO] <BUSINESS_LOGIC> Get is login permited
2016-02-12 01:28:19,169 - [INFO] <DATA_BASE> Get Users
2016-02-12 01:28:19,169 - [INFO] Y.Nathan is login
2016-02-12 01:28:19,206 - [INFO] <BUSINESS_LOGIC> Get users
2016-02-12 01:28:19,206 - [INFO] <BUSINESS_LOGIC> Get Id by name
2016-02-12 01:28:19,210 - [INFO] <DATA_BASE> Get User-Names
2016-02-12 01:28:19,218 - [INFO] <DATA_BASE> Get Users
2016-02-12 01:28:19,227 - [INFO] <DATA_BASE> Get Gelts
2016-02-12 01:28:19,227 - [INFO] <BUSINESS_LOGIC> Get Name by Id
2016-02-12 01:28:19,233 - [INFO] <DATA_BASE> Get Users
2016-02-12 01:28:19,233 - [INFO] <BUSINESS_LOGIC> Get Name by Id
2016-02-12 01:28:19,238 - [INFO] <DATA_BASE> Get Users
2016-02-12 01:28:19,239 - [INFO] <BUSINESS_LOGIC> Get debt moyshe : 1583 : Y.Nathan
2016-02-12 01:28:19,239 - [INFO] <BUSINESS_LOGIC> Get Name by Id
2016-02-12 01:28:19,247 - [INFO] <DATA_BASE> Get Users
2016-02-12 01:28:19,247 - [INFO] <BUSINESS_LOGIC> Get Name by Id
2016-02-12 01:28:19,252 - [INFO] <DATA_BASE> Get Users
2016-02-12 01:28:19,253 - [INFO] { "debts":[ {"Debter":"moyshe","Amount":"1583","Entitled":"Y.Nathan"} ]}
2016-02-12 01:28:39,282 - [INFO] <GETTER> Y.Nathan ask if is debter
2016-02-12 01:28:39,283 - [INFO] <BUSINESS_LOGIC> Get user if is a debter
2016-02-12 01:28:39,297 - [INFO] <DATA_BASE> Get Temp Gelts
2016-02-12 01:28:39,299 - [INFO] <GETTER> <DATA>
2016-02-12 01:28:59,280 - [INFO] <GETTER> Y.Nathan ask if is debter
2016-02-12 01:28:59,281 - [INFO] <BUSINESS_LOGIC> Get user if is a debter
2016-02-12 01:28:59,287 - [INFO] <DATA_BASE> Get Temp Gelts
2016-02-12 01:28:59,287 - [INFO] <GETTER> <DATA>
2016-02-12 01:29:19,277 - [INFO] <GETTER> Y.Nathan ask if is debter
2016-02-12 01:29:19,277 - [INFO] <BUSINESS_LOGIC> Get user if is a debter
2016-02-12 01:29:19,283 - [INFO] <DATA_BASE> Get Temp Gelts
2016-02-12 01:29:19,283 - [INFO] <GETTER> <DATA>
2016-02-12 01:29:39,276 - [INFO] <GETTER> Y.Nathan ask if is debter
2016-02-12 01:29:39,276 - [INFO] <BUSINESS_LOGIC> Get user if is a debter
2016-02-12 01:29:39,281 - [INFO] <DATA_BASE> Get Temp Gelts
2016-02-12 01:29:39,281 - [INFO] <GETTER> <DATA>
2016-02-12 01:29:59,277 - [INFO] <GETTER> Y.Nathan ask if is debter
2016-02-12 01:29:59,278 - [INFO] <BUSINESS_LOGIC> Get user if is a debter
2016-02-12 01:29:59,282 - [INFO] <DATA_BASE> Get Temp Gelts
2016-02-12 01:29:59,282 - [INFO] <GETTER> <DATA>
2016-02-12 01:30:19,277 - [INFO] <GETTER> Y.Nathan ask if is debter
2016-02-12 01:30:19,277 - [INFO] <BUSINESS_LOGIC> Get user if is a debter
2016-02-12 01:30:19,282 - [INFO] <DATA_BASE> Get Temp Gelts
2016-02-12 01:30:19,282 - [INFO] <GETTER> <DATA>
2016-02-12 01:30:39,279 - [INFO] <GETTER> Y.Nathan ask if is debter
2016-02-12 01:30:39,279 - [INFO] <BUSINESS_LOGIC> Get user if is a debter
2016-02-12 01:30:39,285 - [INFO] <DATA_BASE> Get Temp Gelts
2016-02-12 01:30:39,285 - [INFO] <GETTER> <DATA>
2016-02-12 01:30:59,279 - [INFO] <GETTER> Y.Nathan ask if is debter
2016-02-12 01:30:59,280 - [INFO] <BUSINESS_LOGIC> Get user if is a debter
2016-02-12 01:30:59,289 - [INFO] <DATA_BASE> Get Temp Gelts
2016-02-12 01:30:59,289 - [INFO] <GETTER> <DATA>
2016-02-12 01:31:19,276 - [INFO] <GETTER> Y.Nathan ask if is debter
2016-02-12 01:31:19,277 - [INFO] <BUSINESS_LOGIC> Get user if is a debter
2016-02-12 01:31:19,281 - [INFO] <DATA_BASE> Get Temp Gelts
2016-02-12 01:31:19,281 - [INFO] <GETTER> <DATA>
2016-02-12 01:31:39,279 - [INFO] <GETTER> Y.Nathan ask if is debter
2016-02-12 01:31:39,279 - [INFO] <BUSINESS_LOGIC> Get user if is a debter
2016-02-12 01:31:39,290 - [INFO] <DATA_BASE> Get Temp Gelts
2016-02-12 01:31:39,290 - [INFO] <GETTER> <DATA>
2016-02-12 01:31:59,280 - [INFO] <GETTER> Y.Nathan ask if is debter
2016-02-12 01:31:59,280 - [INFO] <BUSINESS_LOGIC> Get user if is a debter
2016-02-12 01:31:59,293 - [INFO] <DATA_BASE> Get Temp Gelts
2016-02-12 01:31:59,294 - [INFO] <GETTER> <DATA>
2016-02-12 01:32:19,280 - [INFO] <GETTER> Y.Nathan ask if is debter
2016-02-12 01:32:19,280 - [INFO] <BUSINESS_LOGIC> Get user if is a debter
2016-02-12 01:32:19,290 - [INFO] <DATA_BASE> Get Temp Gelts
2016-02-12 01:32:19,291 - [INFO] <GETTER> <DATA>
2016-02-12 01:32:39,277 - [INFO] <GETTER> Y.Nathan ask if is debter
2016-02-12 01:32:39,278 - [INFO] <BUSINESS_LOGIC> Get user if is a debter
2016-02-12 01:32:39,282 - [INFO] <DATA_BASE> Get Temp Gelts
2016-02-12 01:32:39,283 - [INFO] <GETTER> <DATA>
2016-02-12 01:32:59,276 - [INFO] <GETTER> Y.Nathan ask if is debter
2016-02-12 01:32:59,277 - [INFO] <BUSINESS_LOGIC> Get user if is a debter
2016-02-12 01:32:59,281 - [INFO] <DATA_BASE> Get Temp Gelts
2016-02-12 01:32:59,281 - [INFO] <GETTER> <DATA>
2016-02-12 01:33:19,277 - [INFO] <GETTER> Y.Nathan ask if is debter
2016-02-12 01:33:19,277 - [INFO] <BUSINESS_LOGIC> Get user if is a debter
2016-02-12 01:33:19,284 - [INFO] <DATA_BASE> Get Temp Gelts
2016-02-12 01:33:19,284 - [INFO] <GETTER> <DATA>
2016-02-12 01:33:39,277 - [INFO] <GETTER> Y.Nathan ask if is debter
2016-02-12 01:33:39,277 - [INFO] <BUSINESS_LOGIC> Get user if is a debter
2016-02-12 01:33:39,283 - [INFO] <DATA_BASE> Get Temp Gelts
2016-02-12 01:33:39,283 - [INFO] <GETTER> <DATA>
2016-02-12 01:33:59,279 - [INFO] <GETTER> Y.Nathan ask if is debter
2016-02-12 01:33:59,280 - [INFO] <BUSINESS_LOGIC> Get user if is a debter
2016-02-12 01:33:59,289 - [INFO] <DATA_BASE> Get Temp Gelts
2016-02-12 01:33:59,289 - [INFO] <GETTER> <DATA>
2016-02-12 01:34:19,277 - [INFO] <GETTER> Y.Nathan ask if is debter
2016-02-12 01:34:19,278 - [INFO] <BUSINESS_LOGIC> Get user if is a debter
2016-02-12 01:34:19,282 - [INFO] <DATA_BASE> Get Temp Gelts
2016-02-12 01:34:19,282 - [INFO] <GETTER> <DATA>
2016-02-12 01:34:39,277 - [INFO] <GETTER> Y.Nathan ask if is debter
2016-02-12 01:34:39,277 - [INFO] <BUSINESS_LOGIC> Get user if is a debter
2016-02-12 01:34:39,283 - [INFO] <DATA_BASE> Get Temp Gelts
2016-02-12 01:34:39,283 - [INFO] <GETTER> <DATA>
2016-02-12 01:34:59,277 - [INFO] <GETTER> Y.Nathan ask if is debter
2016-02-12 01:34:59,277 - [INFO] <BUSINESS_LOGIC> Get user if is a debter
2016-02-12 01:34:59,282 - [INFO] <DATA_BASE> Get Temp Gelts
2016-02-12 01:34:59,282 - [INFO] <GETTER> <DATA>
2016-02-12 01:35:19,276 - [INFO] <GETTER> Y.Nathan ask if is debter
2016-02-12 01:35:19,277 - [INFO] <BUSINESS_LOGIC> Get user if is a debter
2016-02-12 01:35:19,281 - [INFO] <DATA_BASE> Get Temp Gelts
2016-02-12 01:35:19,282 - [INFO] <GETTER> <DATA>
2016-02-12 01:35:39,278 - [INFO] <GETTER> Y.Nathan ask if is debter
2016-02-12 01:35:39,278 - [INFO] <BUSINESS_LOGIC> Get user if is a debter
2016-02-12 01:35:39,286 - [INFO] <DATA_BASE> Get Temp Gelts
2016-02-12 01:35:39,286 - [INFO] <GETTER> <DATA>
2016-02-12 01:35:59,282 - [INFO] <GETTER> Y.Nathan ask if is debter
2016-02-12 01:35:59,283 - [INFO] <BUSINESS_LOGIC> Get user if is a debter
2016-02-12 01:35:59,301 - [INFO] <DATA_BASE> Get Temp Gelts
2016-02-12 01:35:59,301 - [INFO] <GETTER> <DATA>
2016-02-12 01:36:19,282 - [INFO] <GETTER> Y.Nathan ask if is debter
2016-02-12 01:36:19,282 - [INFO] <BUSINESS_LOGIC> Get user if is a debter
2016-02-12 01:36:19,291 - [INFO] <DATA_BASE> Get Temp Gelts
2016-02-12 01:36:19,292 - [INFO] <GETTER> <DATA>
2016-02-12 01:36:39,281 - [INFO] <GETTER> Y.Nathan ask if is debter
2016-02-12 01:36:39,282 - [INFO] <BUSINESS_LOGIC> Get user if is a debter
2016-02-12 01:36:39,299 - [INFO] <DATA_BASE> Get Temp Gelts
2016-02-12 01:36:39,299 - [INFO] <GETTER> <DATA>
2016-02-12 01:36:59,277 - [INFO] <GETTER> Y.Nathan ask if is debter
2016-02-12 01:36:59,277 - [INFO] <BUSINESS_LOGIC> Get user if is a debter
2016-02-12 01:36:59,283 - [INFO] <DATA_BASE> Get Temp Gelts
2016-02-12 01:36:59,283 - [INFO] <GETTER> <DATA>
2016-02-12 01:37:19,278 - [INFO] <GETTER> Y.Nathan ask if is debter
2016-02-12 01:37:19,279 - [INFO] <BUSINESS_LOGIC> Get user if is a debter
2016-02-12 01:37:19,285 - [INFO] <DATA_BASE> Get Temp Gelts
2016-02-12 01:37:19,285 - [INFO] <GETTER> <DATA>
2016-02-12 01:37:39,281 - [INFO] <GETTER> Y.Nathan ask if is debter
2016-02-12 01:37:39,282 - [INFO] <BUSINESS_LOGIC> Get user if is a debter
2016-02-12 01:37:39,298 - [INFO] <DATA_BASE> Get Temp Gelts
2016-02-12 01:37:39,298 - [INFO] <GETTER> <DATA>
2016-02-12 01:37:59,283 - [INFO] <GETTER> Y.Nathan ask if is debter
2016-02-12 01:37:59,284 - [INFO] <BUSINESS_LOGIC> Get user if is a debter
2016-02-12 01:37:59,300 - [INFO] <DATA_BASE> Get Temp Gelts
2016-02-12 01:37:59,301 - [INFO] <GETTER> <DATA>
2016-02-12 01:38:19,279 - [INFO] <GETTER> Y.Nathan ask if is debter
2016-02-12 01:38:19,279 - [INFO] <BUSINESS_LOGIC> Get user if is a debter
2016-02-12 01:38:19,288 - [INFO] <DATA_BASE> Get Temp Gelts
2016-02-12 01:38:19,288 - [INFO] <GETTER> <DATA>
2016-02-12 01:38:39,282 - [INFO] <GETTER> Y.Nathan ask if is debter
2016-02-12 01:38:39,283 - [INFO] <BUSINESS_LOGIC> Get user if is a debter
2016-02-12 01:38:39,297 - [INFO] <DATA_BASE> Get Temp Gelts
2016-02-12 01:38:39,297 - [INFO] <GETTER> <DATA>
2016-02-12 01:38:59,279 - [INFO] <GETTER> Y.Nathan ask if is debter
2016-02-12 01:38:59,279 - [INFO] <BUSINESS_LOGIC> Get user if is a debter
2016-02-12 01:38:59,286 - [INFO] <DATA_BASE> Get Temp Gelts
2016-02-12 01:38:59,286 - [INFO] <GETTER> <DATA>
2016-02-12 01:39:19,281 - [INFO] <GETTER> Y.Nathan ask if is debter
2016-02-12 01:39:19,282 - [INFO] <BUSINESS_LOGIC> Get user if is a debter
2016-02-12 01:39:19,297 - [INFO] <DATA_BASE> Get Temp Gelts
2016-02-12 01:39:19,297 - [INFO] <GETTER> <DATA>
2016-02-12 01:39:39,282 - [INFO] <GETTER> Y.Nathan ask if is debter
2016-02-12 01:39:39,283 - [INFO] <BUSINESS_LOGIC> Get user if is a debter
2016-02-12 01:39:39,298 - [INFO] <DATA_BASE> Get Temp Gelts
2016-02-12 01:39:39,299 - [INFO] <GETTER> <DATA>
2016-02-12 01:39:59,283 - [INFO] <GETTER> Y.Nathan ask if is debter
2016-02-12 01:39:59,284 - [INFO] <BUSINESS_LOGIC> Get user if is a debter
2016-02-12 01:39:59,300 - [INFO] <DATA_BASE> Get Temp Gelts
2016-02-12 01:39:59,300 - [INFO] <GETTER> <DATA>
2016-02-12 01:40:19,284 - [INFO] <GETTER> Y.Nathan ask if is debter
2016-02-12 01:40:19,285 - [INFO] <BUSINESS_LOGIC> Get user if is a debter
2016-02-12 01:40:19,300 - [INFO] <DATA_BASE> Get Temp Gelts
2016-02-12 01:40:19,301 - [INFO] <GETTER> <DATA>
2016-02-12 01:40:39,283 - [INFO] <GETTER> Y.Nathan ask if is debter
2016-02-12 01:40:39,284 - [INFO] <BUSINESS_LOGIC> Get user if is a debter
2016-02-12 01:40:39,301 - [INFO] <DATA_BASE> Get Temp Gelts
2016-02-12 01:40:39,301 - [INFO] <GETTER> <DATA>
2016-02-12 01:40:59,279 - [INFO] <GETTER> Y.Nathan ask if is debter
2016-02-12 01:40:59,279 - [INFO] <BUSINESS_LOGIC> Get user if is a debter
2016-02-12 01:40:59,289 - [INFO] <DATA_BASE> Get Temp Gelts
2016-02-12 01:40:59,290 - [INFO] <GETTER> <DATA>
2016-02-12 01:41:19,283 - [INFO] <GETTER> Y.Nathan ask if is debter
2016-02-12 01:41:19,284 - [INFO] <BUSINESS_LOGIC> Get user if is a debter
2016-02-12 01:41:19,299 - [INFO] <DATA_BASE> Get Temp Gelts
2016-02-12 01:41:19,299 - [INFO] <GETTER> <DATA>
2016-02-12 01:41:39,277 - [INFO] <GETTER> Y.Nathan ask if is debter
2016-02-12 01:41:39,277 - [INFO] <BUSINESS_LOGIC> Get user if is a debter
2016-02-12 01:41:39,281 - [INFO] <DATA_BASE> Get Temp Gelts
2016-02-12 01:41:39,282 - [INFO] <GETTER> <DATA>
2016-02-12 01:41:59,282 - [INFO] <GETTER> Y.Nathan ask if is debter
2016-02-12 01:41:59,283 - [INFO] <BUSINESS_LOGIC> Get user if is a debter
2016-02-12 01:41:59,298 - [INFO] <DATA_BASE> Get Temp Gelts
2016-02-12 01:41:59,298 - [INFO] <GETTER> <DATA>
2016-02-12 01:42:19,201 - [INFO] <GETTER> Y.Nathan ask if is debter
2016-02-12 01:42:19,202 - [INFO] <BUSINESS_LOGIC> Get user if is a debter
2016-02-12 01:42:19,206 - [INFO] <DATA_BASE> Get Temp Gelts
2016-02-12 01:42:19,206 - [INFO] <GETTER> <DATA>
2016-02-12 01:42:39,206 - [INFO] <GETTER> Y.Nathan ask if is debter
2016-02-12 01:42:39,207 - [INFO] <BUSINESS_LOGIC> Get user if is a debter
2016-02-12 01:42:39,221 - [INFO] <DATA_BASE> Get Temp Gelts
2016-02-12 01:42:39,221 - [INFO] <GETTER> <DATA>
2016-02-12 01:42:59,206 - [INFO] <GETTER> Y.Nathan ask if is debter
2016-02-12 01:42:59,207 - [INFO] <BUSINESS_LOGIC> Get user if is a debter
2016-02-12 01:42:59,221 - [INFO] <DATA_BASE> Get Temp Gelts
2016-02-12 01:42:59,221 - [INFO] <GETTER> <DATA>
